<?xml version="1.0" encoding="UTF-8"?>
<testsuite name="edu.duke.ece651.classbuilder.AppTest" tests="1" skipped="0" failures="0" errors="0" timestamp="2020-02-07T04:46:20" hostname="zhm2go-VirtualBox" time="0.008">
  <properties/>
  <testcase name="appHasAGreeting()" classname="edu.duke.ece651.classbuilder.AppTest" time="0.008"/>
  <system-out><![CDATA[]]></system-out>
  <system-err><![CDATA[]]></system-err>
</testsuite>
